<?xml version="1.0" encoding="UTF-8"?>
<!-- Generated by org.testng.reporters.JUnitReportReporter -->
<testsuite hostname="IN01N02055" failures="0" tests="8" name="com.ivy.qa.testcases.TournamentCreationTest" time="33.007" errors="0" timestamp="2020-03-10T18:51:00 IST" skipped="0">
  <testcase classname="com.ivy.qa.testcases.TournamentCreationTest" name="GoToBackOfficePage" time="0.453"/>
  <system-out/>
  <testcase classname="com.ivy.qa.testcases.TournamentCreationTest" name="Login" time="1.418"/>
  <system-out/>
  <testcase classname="com.ivy.qa.testcases.TournamentCreationTest" name="clickOnAdminTools" time="0.237"/>
  <system-out/>
  <testcase classname="com.ivy.qa.testcases.TournamentCreationTest" name="clickOnGameConfig" time="0.343"/>
  <system-out/>
  <testcase classname="com.ivy.qa.testcases.TournamentCreationTest" name="clickOnMTCTAdmin" time="0.114"/>
  <system-out/>
  <testcase classname="com.ivy.qa.testcases.TournamentCreationTest" name="clickOnMTCTTemplates" time="0.082"/>
  <system-out/>
  <testcase classname="com.ivy.qa.testcases.TournamentCreationTest" name="clickOnCreateTemplate" time="0.085"/>
  <system-out/>
  <testcase classname="com.ivy.qa.testcases.TournamentCreationTest" name="createTemplate" time="30.275"/>
  <system-out/>
</testsuite> <!-- com.ivy.qa.testcases.TournamentCreationTest -->
