<?xml version="1.0" encoding="UTF-8"?>
<!-- Generated by org.testng.reporters.JUnitReportReporter -->
<testsuite hostname="IN01N02055" failures="0" tests="6" name="com.ivy.qa.testcases.RunTournamentTest" time="55.488" errors="0" timestamp="2020-03-19T18:58:48 IST" skipped="0">
  <testcase classname="com.ivy.qa.testcases.RunTournamentTest" name="GoToBackOfficePage" time="1.449"/>
  <system-out/>
  <testcase classname="com.ivy.qa.testcases.RunTournamentTest" name="Login" time="2.689"/>
  <system-out/>
  <testcase classname="com.ivy.qa.testcases.RunTournamentTest" name="clickOnAdminTools" time="0.646"/>
  <system-out/>
  <testcase classname="com.ivy.qa.testcases.RunTournamentTest" name="clickOnGameConfig" time="0.787"/>
  <system-out/>
  <testcase classname="com.ivy.qa.testcases.RunTournamentTest" name="showScheduleForCreatedTemplate" time="1.487"/>
  <system-out/>
  <testcase classname="com.ivy.qa.testcases.RunTournamentTest" name="runTournament" time="48.430"/>
  <system-out/>
</testsuite> <!-- com.ivy.qa.testcases.RunTournamentTest -->
