<?xml version="1.0" encoding="UTF-8"?>
<!-- Generated by org.testng.reporters.JUnitReportReporter -->
<testsuite hostname="IN01N02055" failures="0" tests="6" name="com.ivy.qa.testcases.QuickApproveTest" time="4.738" errors="0" timestamp="2020-03-10T18:51:00 IST" skipped="0">
  <testcase classname="com.ivy.qa.testcases.QuickApproveTest" name="GoToBackOfficePage" time="0.476"/>
  <system-out/>
  <testcase classname="com.ivy.qa.testcases.QuickApproveTest" name="Login" time="1.564"/>
  <system-out/>
  <testcase classname="com.ivy.qa.testcases.QuickApproveTest" name="clickOnAdminTools" time="0.059"/>
  <system-out/>
  <testcase classname="com.ivy.qa.testcases.QuickApproveTest" name="clickOnGameConfig" time="0.301"/>
  <system-out/>
  <testcase classname="com.ivy.qa.testcases.QuickApproveTest" name="clickOnApprovalQueue" time="0.127"/>
  <system-out/>
  <testcase classname="com.ivy.qa.testcases.QuickApproveTest" name="approveTemplate" time="2.211"/>
  <system-out/>
</testsuite> <!-- com.ivy.qa.testcases.QuickApproveTest -->
