<?xml version="1.0" encoding="UTF-8"?>
<!-- Generated by org.testng.reporters.JUnitReportReporter -->
<testsuite hostname="IN01N02055" failures="0" tests="6" name="com.ivy.qa.testcases.QuickApproveTest" time="9.601" errors="0" timestamp="2020-03-19T18:58:48 IST" skipped="0">
  <testcase classname="com.ivy.qa.testcases.QuickApproveTest" name="GoToBackOfficePage" time="1.476"/>
  <system-out/>
  <testcase classname="com.ivy.qa.testcases.QuickApproveTest" name="Login" time="2.772"/>
  <system-out/>
  <testcase classname="com.ivy.qa.testcases.QuickApproveTest" name="clickOnAdminTools" time="0.770"/>
  <system-out/>
  <testcase classname="com.ivy.qa.testcases.QuickApproveTest" name="clickOnGameConfig" time="0.729"/>
  <system-out/>
  <testcase classname="com.ivy.qa.testcases.QuickApproveTest" name="clickOnApprovalQueue" time="0.338"/>
  <system-out/>
  <testcase classname="com.ivy.qa.testcases.QuickApproveTest" name="approveTemplate" time="3.516"/>
  <system-out/>
</testsuite> <!-- com.ivy.qa.testcases.QuickApproveTest -->
