<?xml version="1.0" encoding="UTF-8"?>
<!-- Generated by org.testng.reporters.JUnitReportReporter -->
<testsuite hostname="IN01N02055" failures="0" tests="6" name="com.ivy.qa.testcases.RunTournamentTest" time="36.832" errors="0" timestamp="2020-03-10T18:51:00 IST" skipped="0">
  <testcase classname="com.ivy.qa.testcases.RunTournamentTest" name="GoToBackOfficePage" time="0.479"/>
  <system-out/>
  <testcase classname="com.ivy.qa.testcases.RunTournamentTest" name="Login" time="0.952"/>
  <system-out/>
  <testcase classname="com.ivy.qa.testcases.RunTournamentTest" name="clickOnAdminTools" time="0.089"/>
  <system-out/>
  <testcase classname="com.ivy.qa.testcases.RunTournamentTest" name="clickOnGameConfig" time="0.548"/>
  <system-out/>
  <testcase classname="com.ivy.qa.testcases.RunTournamentTest" name="showScheduleForCreatedTemplate" time="0.785"/>
  <system-out/>
  <testcase classname="com.ivy.qa.testcases.RunTournamentTest" name="runTournament" time="33.979"/>
  <system-out/>
</testsuite> <!-- com.ivy.qa.testcases.RunTournamentTest -->
