<?xml version="1.0" encoding="UTF-8"?>
<!-- Generated by org.testng.reporters.JUnitReportReporter -->
<testsuite hostname="IN01N02055" failures="0" tests="8" name="com.ivy.qa.testcases.TournamentCreationTest" time="57.823" errors="0" timestamp="2020-03-19T18:58:48 IST" skipped="0">
  <testcase classname="com.ivy.qa.testcases.TournamentCreationTest" name="GoToBackOfficePage" time="1.696"/>
  <system-out/>
  <testcase classname="com.ivy.qa.testcases.TournamentCreationTest" name="Login" time="2.872"/>
  <system-out/>
  <testcase classname="com.ivy.qa.testcases.TournamentCreationTest" name="clickOnAdminTools" time="1.037"/>
  <system-out/>
  <testcase classname="com.ivy.qa.testcases.TournamentCreationTest" name="clickOnGameConfig" time="0.873"/>
  <system-out/>
  <testcase classname="com.ivy.qa.testcases.TournamentCreationTest" name="clickOnMTCTAdmin" time="0.208"/>
  <system-out/>
  <testcase classname="com.ivy.qa.testcases.TournamentCreationTest" name="clickOnMTCTTemplates" time="0.230"/>
  <system-out/>
  <testcase classname="com.ivy.qa.testcases.TournamentCreationTest" name="clickOnCreateTemplate" time="0.207"/>
  <system-out/>
  <testcase classname="com.ivy.qa.testcases.TournamentCreationTest" name="createTemplate" time="50.700"/>
  <system-out/>
</testsuite> <!-- com.ivy.qa.testcases.TournamentCreationTest -->
